#
# There is insufficient memory for the Java Runtime Environment to continue.
# Native memory allocation (mmap) failed to map 536870912 bytes for Failed to commit area from 0x00000006c0000000 to 0x00000006e0000000 of length 536870912.
# Possible reasons:
#   The system is out of physical RAM or swap space
#   The process is running with CompressedOops enabled, and the Java Heap may be blocking the growth of the native heap
# Possible solutions:
#   Reduce memory load on the system
#   Increase physical memory or swap space
#   Check if swap backing store is full
#   Decrease Java heap size (-Xmx/-Xms)
#   Decrease number of Java threads
#   Decrease Java thread stack sizes (-Xss)
#   Set larger code cache with -XX:ReservedCodeCacheSize=
# This output file may be truncated or incomplete.
#
#  Out of Memory Error (./src/hotspot/os/windows/os_windows.cpp:3303), pid=22440, tid=44888
#
# JRE version:  (11.0.8+10) (build )
# Java VM: OpenJDK 64-Bit Server VM (11.0.8+10-b944.34, mixed mode, sharing, tiered, compressed oops, g1 gc, windows-amd64)
# No core dump will be written. Minidumps are not enabled by default on client versions of Windows
#

---------------  S U M M A R Y ------------

Command Line: -Xmx5G org.jetbrains.git4idea.http.GitAskPassApp Username for 'https://github.com': 

Host: Intel(R) Core(TM) i7-4790K CPU @ 4.00GHz, 8 cores, 31G,  Windows 10 , 64 bit Build 18362 (10.0.18362.1350)
Time: Fri Mar 26 21:58:13 2021 China Standard Time elapsed time: 0 seconds (0d 0h 0m 0s)

---------------  T H R E A D  ---------------

Current thread (0x000002085941f000):  JavaThread "Unknown thread" [_thread_in_vm, id=44888, stack(0x000000bc4cd00000,0x000000bc4ce00000)]

Stack: [0x000000bc4cd00000,0x000000bc4ce00000]
Native frames: (J=compiled Java code, j=interpreted, Vv=VM code, C=native code)
V  [jvm.dll+0x5de35a]
V  [jvm.dll+0x712355]
V  [jvm.dll+0x7138ad]
V  [jvm.dll+0x713f63]
V  [jvm.dll+0x23e628]
V  [jvm.dll+0x5db804]
V  [jvm.dll+0x5d0925]
V  [jvm.dll+0x2faf9b]
V  [jvm.dll+0x2faf0a]
V  [jvm.dll+0x2fade2]
V  [jvm.dll+0x2ffcb6]
V  [jvm.dll+0x3483a3]
V  [jvm.dll+0x348aa6]
V  [jvm.dll+0x3484a3]
V  [jvm.dll+0x2d5be8]
V  [jvm.dll+0x2d6d87]
V  [jvm.dll+0x6f10e7]
V  [jvm.dll+0x6f28dc]
V  [jvm.dll+0x3558f9]
V  [jvm.dll+0x6d492e]
V  [jvm.dll+0x3bdad3]
V  [jvm.dll+0x3bfd01]
C  [jli.dll+0x5373]
C  [ucrtbase.dll+0x210b2]
C  [KERNEL32.DLL+0x17c24]
C  [ntdll.dll+0x6d721]


---------------  P R O C E S S  ---------------

Threads class SMR info:
_java_thread_list=0x000002085931aa50, length=0, elements={
}

Java Threads: ( => current thread )

Other Threads:
  0x0000020859436000 GCTaskThread "GC Thread#0" [stack: 0x000000bc4ce00000,0x000000bc4cf00000] [id=44800]
  0x00000208594ab000 ConcurrentGCThread "G1 Main Marker" [stack: 0x000000bc4cf00000,0x000000bc4d000000] [id=50740]
  0x00000208594ac800 ConcurrentGCThread "G1 Conc#0" [stack: 0x000000bc4d000000,0x000000bc4d100000] [id=47400]

[error occurred during error reporting (printing all threads), id 0xc0000005, EXCEPTION_ACCESS_VIOLATION (0xc0000005) at pc=0x00007ffa4c4060c7]

VM state:not at safepoint (not fully initialized)

VM Mutex/Monitor currently owned by a thread:  ([mutex/lock_event])
[0x000002085941d610] Heap_lock - owner thread: 0x000002085941f000

Heap address: 0x00000006c0000000, size: 5120 MB, Compressed Oops mode: Non-zero based: 0x00000006c0000000
Narrow klass base: 0x0000000000000000, Narrow klass shift: 0

GC Heap History (0 events):
No events

Deoptimization events (0 events):
No events

Classes redefined (0 events):
No events

Internal exceptions (0 events):
No events

Events (1 events):
Event: 0.007 Loaded shared library C:\Program Files\JetBrains\IntelliJ IDEA Community Edition 2020.2.3\jbr\bin\zip.dll


Dynamic libraries:
0x00007ff746ea0000 - 0x00007ff746eaa000 	C:\Program Files\JetBrains\IntelliJ IDEA Community Edition 2020.2.3\jbr\bin\java.exe
0x00007ffa9d700000 - 0x00007ffa9d8f0000 	C:\WINDOWS\SYSTEM32\ntdll.dll
0x00007ffa9b860000 - 0x00007ffa9b912000 	C:\WINDOWS\System32\KERNEL32.DLL
0x00007ffa9b100000 - 0x00007ffa9b3a5000 	C:\WINDOWS\System32\KERNELBASE.dll
0x00007ffa9a6e0000 - 0x00007ffa9a7da000 	C:\WINDOWS\System32\ucrtbase.dll
0x00007ffa7e8a0000 - 0x00007ffa7e8b9000 	C:\Program Files\JetBrains\IntelliJ IDEA Community Edition 2020.2.3\jbr\bin\jli.dll
0x00007ffa7e7e0000 - 0x00007ffa7e7f7000 	C:\Program Files\JetBrains\IntelliJ IDEA Community Edition 2020.2.3\jbr\bin\VCRUNTIME140.dll
0x00007ffa9c260000 - 0x00007ffa9c3f4000 	C:\WINDOWS\System32\USER32.dll
0x00007ffa9b780000 - 0x00007ffa9b7a1000 	C:\WINDOWS\System32\win32u.dll
0x00007ffa8a830000 - 0x00007ffa8aab4000 	C:\WINDOWS\WinSxS\amd64_microsoft.windows.common-controls_6595b64144ccf1df_6.0.18362.1440_none_9e7dbfb9e45e8e67\COMCTL32.dll
0x00007ffa9d4b0000 - 0x00007ffa9d4d6000 	C:\WINDOWS\System32\GDI32.dll
0x00007ffa9c940000 - 0x00007ffa9c9de000 	C:\WINDOWS\System32\msvcrt.dll
0x00007ffa9af60000 - 0x00007ffa9b0f8000 	C:\WINDOWS\System32\gdi32full.dll
0x00007ffa9ba30000 - 0x00007ffa9bd66000 	C:\WINDOWS\System32\combase.dll
0x00007ffa9b3b0000 - 0x00007ffa9b44e000 	C:\WINDOWS\System32\msvcp_win.dll
0x00007ffa9c5d0000 - 0x00007ffa9c6ef000 	C:\WINDOWS\System32\RPCRT4.dll
0x00007ffa9b480000 - 0x00007ffa9b501000 	C:\WINDOWS\System32\bcryptPrimitives.dll
0x00007ffa9d540000 - 0x00007ffa9d56e000 	C:\WINDOWS\System32\IMM32.DLL
0x00007ffa72840000 - 0x00007ffa728dd000 	C:\Program Files\JetBrains\IntelliJ IDEA Community Edition 2020.2.3\jbr\bin\msvcp140.dll
0x00007ffa4c120000 - 0x00007ffa4cbdd000 	C:\Program Files\JetBrains\IntelliJ IDEA Community Edition 2020.2.3\jbr\bin\server\jvm.dll
0x00007ffa9b7b0000 - 0x00007ffa9b853000 	C:\WINDOWS\System32\ADVAPI32.dll
0x00007ffa9d570000 - 0x00007ffa9d607000 	C:\WINDOWS\System32\sechost.dll
0x00007ffa9c400000 - 0x00007ffa9c408000 	C:\WINDOWS\System32\PSAPI.DLL
0x00007ffa7baf0000 - 0x00007ffa7baf9000 	C:\WINDOWS\SYSTEM32\WSOCK32.dll
0x00007ffa984e0000 - 0x00007ffa98504000 	C:\WINDOWS\SYSTEM32\WINMM.dll
0x00007ffa9c700000 - 0x00007ffa9c76f000 	C:\WINDOWS\System32\WS2_32.dll
0x00007ffa922e0000 - 0x00007ffa922ea000 	C:\WINDOWS\SYSTEM32\VERSION.dll
0x00007ffa984b0000 - 0x00007ffa984dd000 	C:\WINDOWS\SYSTEM32\winmmbase.dll
0x00007ffa9a690000 - 0x00007ffa9a6da000 	C:\WINDOWS\System32\cfgmgr32.dll
0x00007ffa9a5e0000 - 0x00007ffa9a5f1000 	C:\WINDOWS\System32\kernel.appcore.dll
0x00007ffa652b0000 - 0x00007ffa652c1000 	C:\Program Files\JetBrains\IntelliJ IDEA Community Edition 2020.2.3\jbr\bin\verify.dll
0x00007ffa86150000 - 0x00007ffa86344000 	C:\WINDOWS\SYSTEM32\DBGHELP.DLL
0x00007ffa85d20000 - 0x00007ffa85d4a000 	C:\WINDOWS\SYSTEM32\dbgcore.DLL
0x00007ffa65280000 - 0x00007ffa652a9000 	C:\Program Files\JetBrains\IntelliJ IDEA Community Edition 2020.2.3\jbr\bin\java.dll
0x00007ffa68c20000 - 0x00007ffa68c2b000 	C:\Program Files\JetBrains\IntelliJ IDEA Community Edition 2020.2.3\jbr\bin\jimage.dll
0x00007ffa5dc90000 - 0x00007ffa5dca8000 	C:\Program Files\JetBrains\IntelliJ IDEA Community Edition 2020.2.3\jbr\bin\zip.dll

dbghelp: loaded successfully - version: 4.0.5 - missing functions: none
symbol engine: initialized successfully - sym options: 0x614 - pdb path: .;C:\Program Files\JetBrains\IntelliJ IDEA Community Edition 2020.2.3\jbr\bin;C:\WINDOWS\SYSTEM32;C:\WINDOWS\WinSxS\amd64_microsoft.windows.common-controls_6595b64144ccf1df_6.0.18362.1440_none_9e7dbfb9e45e8e67;C:\Program Files\JetBrains\IntelliJ IDEA Community Edition 2020.2.3\jbr\bin\server

VM Arguments:
jvm_args: -Xmx5G 
java_command: org.jetbrains.git4idea.http.GitAskPassApp Username for 'https://github.com': 
java_class_path (initial): C:/Program Files/JetBrains/IntelliJ IDEA Community Edition 2020.2.3/plugins/git4idea/lib/git4idea-rt.jar;C:/Program Files/JetBrains/IntelliJ IDEA Community Edition 2020.2.3/lib/xmlrpc-2.0.1.jar;C:/Program Files/JetBrains/IntelliJ IDEA Community Edition 2020.2.3/lib/commons-codec-1.14.jar
Launcher Type: SUN_STANDARD

[Global flags]
     intx CICompilerCount                          = 4                                         {product} {ergonomic}
     uint ConcGCThreads                            = 2                                         {product} {ergonomic}
     uint G1ConcRefinementThreads                  = 8                                         {product} {ergonomic}
   size_t G1HeapRegionSize                         = 1048576                                   {product} {ergonomic}
    uintx GCDrainStackTargetSize                   = 64                                        {product} {ergonomic}
   size_t InitialHeapSize                          = 536870912                                 {product} {ergonomic}
   size_t MarkStackSize                            = 4194304                                   {product} {ergonomic}
   size_t MaxHeapSize                              = 5368709120                                {product} {command line}
   size_t MinHeapDeltaBytes                        = 1048576                                   {product} {ergonomic}
    uintx NonNMethodCodeHeapSize                   = 5836300                                {pd product} {ergonomic}
    uintx NonProfiledCodeHeapSize                  = 122910970                              {pd product} {ergonomic}
    uintx ProfiledCodeHeapSize                     = 122910970                              {pd product} {ergonomic}
    uintx ReservedCodeCacheSize                    = 251658240                              {pd product} {ergonomic}
     bool SegmentedCodeCache                       = true                                      {product} {ergonomic}
     bool UseCompressedClassPointers               = true                                 {lp64_product} {ergonomic}
     bool UseCompressedOops                        = true                                 {lp64_product} {ergonomic}
     bool UseG1GC                                  = true                                      {product} {ergonomic}
     bool UseLargePagesIndividualAllocation        = false                                  {pd product} {ergonomic}

Logging:
Log output configuration:
 #0: stdout all=warning uptime,level,tags
 #1: stderr all=off uptime,level,tags

Environment Variables:
JAVA_HOME=C:\Program Files\Java\jdk1.8.0_152
_JAVA_OPTIONS=-Xmx5G
PATH=C:/Program Files/Git/mingw64/libexec/git-core;C:/Program Files/Git/mingw64/libexec/git-core;C:\Program Files\Git\mingw64\bin;C:\Program Files\Git\usr\bin;C:\Users\leon\bin;C:\Program Files (x86)\Common Files\Oracle\Java\javapath;C:\WINDOWS\system32;C:\WINDOWS;C:\WINDOWS\System32\Wbem;C:\WINDOWS\System32\WindowsPowerShell\v1.0\;C:\WINDOWS\System32\OpenSSH\;C:\Program Files\PuTTY\;C:\Program Files\dotnet\;C:\Program Files\IDM Computer Solutions\UltraEdit;C:\Program Files\nodejs\;C:\Program Files\Java\jdk1.8.0_152\bin;C:\Program Files\Docker\Docker\resources\bin;C:\ProgramData\DockerDesktop\version-bin;C:\ProgramData\chocolatey\bin;C:\Program Files\Git\cmd;C:\Program Files\Go\bin;C:\Users\leon\AppData\Local\Microsoft\WindowsApps;C:\Users\leon\AppData\Roaming\npm;C:\Users\leon\AppData\Local\Programs\Microsoft VS Code\bin;C:\Users\leon\go\bin
USERNAME=leon
DISPLAY=:0.0
LC_ALL=en_US.UTF-8
OS=Windows_NT
PROCESSOR_IDENTIFIER=Intel64 Family 6 Model 60 Stepping 3, GenuineIntel



---------------  S Y S T E M  ---------------

OS: Windows 10 , 64 bit Build 18362 (10.0.18362.1350)
OS uptime: 5 days 0:37 hours
HyperV virtualization detected

CPU:total 8 (initial active 8) (4 cores per cpu, 2 threads per core) family 6 model 60 stepping 3, cmov, cx8, fxsr, mmx, sse, sse2, sse3, ssse3, sse4.1, sse4.2, popcnt, avx, avx2, aes, clmul, erms, lzcnt, ht, tsc, tscinvbit, bmi1, bmi2, fma

Memory: 4k page, system-wide physical 32702M (12605M free)
TotalPageFile size 47885M (AvailPageFile size 10M)
current process WorkingSet (physical memory assigned to process): 10M, peak: 10M
current process commit charge ("private bytes"): 61M, peak: 573M

vm_info: OpenJDK 64-Bit Server VM (11.0.8+10-b944.34) for windows-amd64 JRE (11.0.8+10-b944.34), built on Sep 11 2020 15:32:11 by "" with MS VC++ 14.0 (VS2015)

END.
